<?xml version="1.0" encoding="UTF-8"?>
<!-- Generated by org.testng.reporters.JUnitReportReporter -->
<testsuite hostname="Fatemas-MacBook-Pro.local" failures="0" tests="2" name="com.careerhack.runners.TestRunner" time="6.161" errors="2" timestamp="23 Mar 2022 01:08:58 GMT" skipped="0">
  <testcase classname="com.careerhack.runners.TestRunner" name="runScenario" time="2.729">
    <error type="java.lang.NullPointerException">
      <![CDATA[java.lang.NullPointerException
at com.careerhack.steps.GoogleSearchHeist.i_enter_a_search(GoogleSearchHeist.java:25)
at ✽.I enter a search "Software Testing"(file:///Users/fatemabegum/eclipse-workspace/QAHeistQAF/Features/GoogleSearch.feature:6)
]]>
    </error>
  </testcase> <!-- runScenario -->
  <testcase classname="com.careerhack.runners.TestRunner" name="runScenario" time="3.432">
    <error type="java.lang.NullPointerException">
      <![CDATA[java.lang.NullPointerException
at com.careerhack.steps.GoogleSearchHeist.i_enter_a_search(GoogleSearchHeist.java:25)
at ✽.I enter a search "Quality Assurance"(file:///Users/fatemabegum/eclipse-workspace/QAHeistQAF/Features/GoogleSearch.feature:6)
]]>
    </error>
  </testcase> <!-- runScenario -->
</testsuite> <!-- com.careerhack.runners.TestRunner -->
