<?xml version="1.0" encoding="UTF-8"?>
<!-- Generated by org.testng.reporters.JUnitReportReporter -->
<testsuite hostname="Fatemas-MacBook-Pro.local" failures="0" tests="2" name="com.careerhack.runners.TestRunner" time="0.104" errors="0" timestamp="20 Mar 2022 19:17:11 GMT" skipped="0">
  <testcase classname="com.careerhack.runners.TestRunner" name="runScenario" time="0.002"/>
  <testcase classname="com.careerhack.runners.TestRunner" name="runScenario" time="0.102"/>
</testsuite> <!-- com.careerhack.runners.TestRunner -->
